-------------------------------------------------------------------------------
Test set: com.ideal.qa.testcases.HomePageTest
-------------------------------------------------------------------------------
Tests run: 9, Failures: 1, Errors: 0, Skipped: 8, Time elapsed: 0.576 s <<< FAILURE! - in com.ideal.qa.testcases.HomePageTest
setUp(com.ideal.qa.testcases.HomePageTest)  Time elapsed: 0.39 s  <<< FAILURE!
java.lang.NullPointerException: Cannot invoke "String.equals(Object)" because "browserName" is null
	at com.ideal.qa.testcases.HomePageTest.setUp(HomePageTest.java:26)

