<?xml version="1.0" encoding="UTF-8"?>
<testsuite xmlns:xsi="http://www.w3.org/2001/XMLSchema-instance" xsi:noNamespaceSchemaLocation="https://maven.apache.org/surefire/maven-surefire-plugin/xsd/surefire-test-report.xsd" name="com.ideal.qa.testcases.HomePageTest" time="0.576" tests="9" errors="0" skipped="8" failures="1">
  <properties>
[...]
</properties>
  <testcase name="setUp" classname="com.ideal.qa.testcases.HomePageTest" time="0.39">
    <failure message="Cannot invoke &quot;String.equals(Object)&quot; because &quot;browserName&quot; is null" type="java.lang.NullPointerException">java.lang.NullPointerException: Cannot invoke "String.equals(Object)" because "browserName" is null
	at com.ideal.qa.testcases.HomePageTest.setUp(HomePageTest.java:26)
</failure>
    <system-err><![CDATA[SLF4J: Failed to load class "org.slf4j.impl.StaticLoggerBinder".
SLF4J: Defaulting to no-operation (NOP) logger implementation
SLF4J: See http://www.slf4j.org/codes.html#StaticLoggerBinder for further details.
java.io.FileNotFoundException: C:\Users\Shyla Ramakrishnappa\eclipse-workspace\IdealInd\src\main\java\com\ideal\qa\config.properties (The system cannot find the file specified)
	at java.base/java.io.FileInputStream.open0(Native Method)
	at java.base/java.io.FileInputStream.open(FileInputStream.java:216)
	at java.base/java.io.FileInputStream.<init>(FileInputStream.java:157)
	at java.base/java.io.FileInputStream.<init>(FileInputStream.java:111)
	at com.ideal.qa.base.TestBase.<init>(TestBase.java:26)
	at com.ideal.qa.testcases.HomePageTest.<init>(HomePageTest.java:20)
	at java.base/jdk.internal.reflect.DirectConstructorHandleAccessor.newInstance(DirectConstructorHandleAccessor.java:67)
	at java.base/java.lang.reflect.Constructor.newInstanceWithCaller(Constructor.java:499)
	at java.base/java.lang.reflect.Constructor.newInstance(Constructor.java:483)
	at org.testng.internal.objects.InstanceCreator.newInstance(InstanceCreator.java:38)
	at org.testng.ITestObjectFactory.newInstance(ITestObjectFactory.java:18)
	at org.testng.internal.objects.SimpleObjectDispenser.instantiateUsingDefaultConstructor(SimpleObjectDispenser.java:178)
	at org.testng.internal.objects.SimpleObjectDispenser.createInstance(SimpleObjectDispenser.java:87)
	at org.testng.internal.objects.SimpleObjectDispenser.dispense(SimpleObjectDispenser.java:40)
	at org.testng.internal.objects.GuiceBasedObjectDispenser.dispense(GuiceBasedObjectDispenser.java:28)
	at org.testng.internal.ClassImpl.getDefaultInstance(ClassImpl.java:106)
	at org.testng.internal.ClassImpl.getInstances(ClassImpl.java:136)
	at org.testng.TestClass.getInstances(TestClass.java:129)
	at org.testng.TestClass.initTestClassesAndInstances(TestClass.java:109)
	at org.testng.TestClass.init(TestClass.java:101)
	at org.testng.TestClass.<init>(TestClass.java:66)
	at org.testng.TestRunner.initMethods(TestRunner.java:463)
	at org.testng.TestRunner.init(TestRunner.java:335)
	at org.testng.TestRunner.init(TestRunner.java:288)
	at org.testng.TestRunner.<init>(TestRunner.java:178)
	at org.testng.SuiteRunner$DefaultTestRunnerFactory.newTestRunner(SuiteRunner.java:639)
	at org.testng.SuiteRunner.init(SuiteRunner.java:225)
	at org.testng.SuiteRunner.<init>(SuiteRunner.java:115)
	at org.testng.TestNG.createSuiteRunner(TestNG.java:1349)
	at org.testng.TestNG.createSuiteRunners(TestNG.java:1325)
	at org.testng.TestNG.runSuitesLocally(TestNG.java:1167)
	at org.testng.TestNG.runSuites(TestNG.java:1099)
	at org.testng.TestNG.run(TestNG.java:1067)
	at org.apache.maven.surefire.testng.TestNGExecutor.run(TestNGExecutor.java:135)
	at org.apache.maven.surefire.testng.TestNGDirectoryTestSuite.executeSingleClass(TestNGDirectoryTestSuite.java:112)
	at org.apache.maven.surefire.testng.TestNGDirectoryTestSuite.execute(TestNGDirectoryTestSuite.java:99)
	at org.apache.maven.surefire.testng.TestNGProvider.invoke(TestNGProvider.java:146)
	at org.apache.maven.surefire.booter.ForkedBooter.invokeProviderInSameClassLoader(ForkedBooter.java:384)
	at org.apache.maven.surefire.booter.ForkedBooter.runSuitesInProcess(ForkedBooter.java:345)
	at org.apache.maven.surefire.booter.ForkedBooter.execute(ForkedBooter.java:126)
	at org.apache.maven.surefire.booter.ForkedBooter.main(ForkedBooter.java:418)
]]></system-err>
  </testcase>
  <testcase name="setUp" classname="com.ideal.qa.testcases.HomePageTest" time="0">
    <skipped/>
  </testcase>
  <testcase name="setUp" classname="com.ideal.qa.testcases.HomePageTest" time="0">
    <skipped/>
  </testcase>
  <testcase name="homePageTitleTest" classname="com.ideal.qa.testcases.HomePageTest" time="0">
    <skipped message="Cannot invoke &quot;String.equals(Object)&quot; because &quot;browserName&quot; is null"/>
  </testcase>
  <testcase name="tearDown" classname="com.ideal.qa.testcases.HomePageTest" time="0">
    <skipped/>
  </testcase>
  <testcase name="tearDown" classname="com.ideal.qa.testcases.HomePageTest" time="0">
    <skipped/>
  </testcase>
  <testcase name="tearDown" classname="com.ideal.qa.testcases.HomePageTest" time="0">
    <skipped/>
  </testcase>
  <testcase name="homePageLogoImageTest" classname="com.ideal.qa.testcases.HomePageTest" time="0">
    <skipped message="Cannot invoke &quot;String.equals(Object)&quot; because &quot;browserName&quot; is null"/>
  </testcase>
  <testcase name="loginTest" classname="com.ideal.qa.testcases.HomePageTest" time="0">
    <skipped message="Cannot invoke &quot;String.equals(Object)&quot; because &quot;browserName&quot; is null"/>
  </testcase>
</testsuite>